<?xml version="1.0" encoding="UTF-8" standalone="no"?><testsuite errors="1" failures="0" name="Compra dos articulos" skipped="0" tests="1" time="4.84" timestamp="2023-12-15 09:33:47"><testcase name="Compro dos articulos"><error message="The path to the driver executable Unable to locate the chromedriver executable; for more information on how to install drivers, see https://www.selenium.dev/documentation/webdriver/getting_started/install_drivers/" type="java.lang.IllegalStateException">The path to the driver executable Unable to locate the chromedriver executable; for more information on how to install drivers, see https://www.selenium.dev/documentation/webdriver/getting_started/install_drivers/</error><system-err>The path to the driver executable Unable to locate the chromedriver executable; for more information on how to install drivers, see https://www.selenium.dev/documentation/webdriver/getting_started/install_drivers/
com.opencart.steps.PurchaseProcessSteps.irURL(PurchaseProcessSteps.java:12)
com.opencart.stepdefinitions.PurchaseProcessStepDefinitions.unUsuarioIngresaALaWebOpencart(PurchaseProcessStepDefinitions.java:16)
io.cucumber.java.Invoker.doInvoke(Invoker.java:66)
io.cucumber.java.Invoker.invoke(Invoker.java:24)
io.cucumber.java.AbstractGlueDefinition.invokeMethod(AbstractGlueDefinition.java:47)
io.cucumber.java.JavaStepDefinition.execute(JavaStepDefinition.java:29)
io.cucumber.core.runner.CoreStepDefinition.execute(CoreStepDefinition.java:66)
io.cucumber.core.runner.PickleStepDefinitionMatch.runStep(PickleStepDefinitionMatch.java:63)
io.cucumber.core.runner.TestStep.executeStep(TestStep.java:84)
io.cucumber.core.runner.TestStep.run(TestStep.java:56)
io.cucumber.core.runner.PickleStepTestStep.run(PickleStepTestStep.java:51)
io.cucumber.core.runner.TestCase.run(TestCase.java:84)
io.cucumber.core.runner.Runner.runPickle(Runner.java:75)
io.cucumber.core.runtime.CucumberExecutionContext.lambda$runTestCase$5(CucumberExecutionContext.java:130)
io.cucumber.core.runtime.RethrowingThrowableCollector.executeAndThrow(RethrowingThrowableCollector.java:23)
io.cucumber.core.runtime.CucumberExecutionContext.runTestCase(CucumberExecutionContext.java:130)
io.cucumber.junit.FeatureRunner.runChild(FeatureRunner.java:144)
io.cucumber.junit.FeatureRunner.runChild(FeatureRunner.java:28)
io.cucumber.junit.FeatureRunner.run(FeatureRunner.java:137)
io.cucumber.junit.CucumberSerenityBaseRunner.runChild(CucumberSerenityBaseRunner.java:330)
io.cucumber.junit.CucumberSerenityBaseRunner.runChild(CucumberSerenityBaseRunner.java:51)
worker.org.gradle.process.internal.worker.GradleWorkerMain.run(GradleWorkerMain.java:69)
worker.org.gradle.process.internal.worker.GradleWorkerMain.main(GradleWorkerMain.java:74)
</system-err></testcase></testsuite>