<?xml version="1.0" encoding="UTF-8" standalone="no"?><testsuite errors="1" failures="0" name="Compra dos articulos" skipped="0" tests="1" time="0.83" timestamp="2023-12-15 10:21:24"><testcase name="Compro dos articulos"><error type="java.lang.NullPointerException"/><system-err>null
com.opencart.steps.PurchaseProcessSteps.&lt;init&gt;(PurchaseProcessSteps.java:12)
net.thucydides.core.steps.StepFactory.stepLibraryWithPages(StepFactory.java:362)
net.thucydides.core.steps.StepFactory.createProxyStepLibrary(StepFactory.java:251)
net.thucydides.core.steps.StepFactory.instantiateNewStepLibraryFor(StepFactory.java:188)
net.thucydides.core.steps.StepFactory.instantiateNewStepLibraryFor(StepFactory.java:179)
net.thucydides.core.steps.StepFactory.getNewStepLibraryFor(StepFactory.java:126)
net.thucydides.core.steps.IndividualInstancesByDefaultStepCreationStrategy.initiateStepsFor(IndividualInstancesByDefaultStepCreationStrategy.java:16)
net.thucydides.core.steps.StepAnnotations.instantiateAnyUnitiaializedSteps(StepAnnotations.java:89)
net.thucydides.core.steps.StepAnnotations.instanciateScenarioStepFields(StepAnnotations.java:70)
net.thucydides.core.steps.StepAnnotations.injectScenarioStepsInto(StepAnnotations.java:52)
io.cucumber.java.AbstractGlueDefinition.invokeMethod(AbstractGlueDefinition.java:47)
io.cucumber.java.JavaStepDefinition.execute(JavaStepDefinition.java:29)
io.cucumber.core.runner.CoreStepDefinition.execute(CoreStepDefinition.java:66)
io.cucumber.core.runner.PickleStepDefinitionMatch.runStep(PickleStepDefinitionMatch.java:63)
io.cucumber.core.runner.TestStep.executeStep(TestStep.java:84)
io.cucumber.core.runner.TestStep.run(TestStep.java:56)
io.cucumber.core.runner.PickleStepTestStep.run(PickleStepTestStep.java:51)
io.cucumber.core.runner.TestCase.run(TestCase.java:84)
io.cucumber.core.runner.Runner.runPickle(Runner.java:75)
io.cucumber.core.runtime.CucumberExecutionContext.lambda$runTestCase$5(CucumberExecutionContext.java:137)
io.cucumber.core.runtime.RethrowingThrowableCollector.executeAndThrow(RethrowingThrowableCollector.java:23)
io.cucumber.core.runtime.CucumberExecutionContext.runTestCase(CucumberExecutionContext.java:137)
io.cucumber.junit.FeatureRunner.runChild(FeatureRunner.java:144)
io.cucumber.junit.FeatureRunner.runChild(FeatureRunner.java:28)
io.cucumber.junit.FeatureRunner.run(FeatureRunner.java:137)
io.cucumber.junit.CucumberSerenityBaseRunner.runChild(CucumberSerenityBaseRunner.java:332)
io.cucumber.junit.CucumberSerenityBaseRunner.runChild(CucumberSerenityBaseRunner.java:53)
worker.org.gradle.process.internal.worker.GradleWorkerMain.run(GradleWorkerMain.java:69)
worker.org.gradle.process.internal.worker.GradleWorkerMain.main(GradleWorkerMain.java:74)
</system-err></testcase></testsuite>